<?xml version="1.0" encoding="UTF-8"?>
<!-- Generated by org.testng.reporters.JUnitXMLReporter -->
<testsuite ignored="0" hostname="MJBPUNL013" failures="0" tests="5" name="Test" time="156.142" errors="0" timestamp="07 Jan 2021 14:51:08 GMT">
  <testcase classname="com.hailo.qa.testcases.LoginPageTest" name="loginPageTitleTest" time="0.018"/>
  <testcase classname="com.hailo.qa.testcases.AddSupplierTest" name="createNewSupplier" time="16.119"/>
  <testcase classname="com.hailo.qa.testcases.LoginPageTest" name="loginPageLogoTest" time="0.059"/>
  <testcase classname="com.hailo.qa.testcases.AddPromoItemTest" name="createNewSupplier" time="19.77"/>
  <testcase classname="com.hailo.qa.testcases.LoginPageTest" name="loginTest" time="5.316"/>
</testsuite> <!-- Test -->
