<?xml version="1.0" encoding="UTF-8"?>
<testng-results skipped="0" failed="0" ignored="0" total="1" passed="1">
  <reporter-output>
  </reporter-output>
  <suite name="Default suite" duration-ms="49672" started-at="2021-01-09T14:11:03Z" finished-at="2021-01-09T14:11:52Z">
    <groups>
    </groups>
    <test name="Default test" duration-ms="49672" started-at="2021-01-09T14:11:03Z" finished-at="2021-01-09T14:11:52Z">
      <class name="com.hailo.qa.testcases.AddPromoItemTest">
        <test-method status="PASS" signature="setUp()[pri:0, instance:com.hailo.qa.testcases.AddPromoItemTest@402a079c]" name="setUp" is-config="true" duration-ms="27524" started-at="2021-01-09T14:11:03Z" finished-at="2021-01-09T14:11:30Z">
          <reporter-output>
          </reporter-output>
        </test-method> <!-- setUp -->
        <test-method status="PASS" signature="createNewSupplier()[pri:2, instance:com.hailo.qa.testcases.AddPromoItemTest@402a079c]" name="createNewSupplier" duration-ms="22112" started-at="2021-01-09T14:11:30Z" finished-at="2021-01-09T14:11:52Z">
          <reporter-output>
          </reporter-output>
        </test-method> <!-- createNewSupplier -->
        <test-method status="PASS" signature="tearDown()[pri:0, instance:com.hailo.qa.testcases.AddPromoItemTest@402a079c]" name="tearDown" is-config="true" duration-ms="0" started-at="2021-01-09T14:11:52Z" finished-at="2021-01-09T14:11:52Z">
          <reporter-output>
          </reporter-output>
        </test-method> <!-- tearDown -->
      </class> <!-- com.hailo.qa.testcases.AddPromoItemTest -->
    </test> <!-- Default test -->
  </suite> <!-- Default suite -->
</testng-results>
